Sapper/app/build/intermediates/manifest_merge_blame_file/debug/manifest-merger-blame-debug-report.txt
1<?xml version="1.0" encoding="utf-8"?>
2<manifest xmlns:android="http://schemas.android.com/apk/res/android"
3    package="ru.samsung.itschool.book.cells" >
4
5    <uses-sdk
6        android:minSdkVersion="24"
6-->src\main\AndroidManifest.xml
7        android:targetSdkVersion="29" />
7-->src\main\AndroidManifest.xml
8
9    <application
9-->src\main\AndroidManifest.xml:7:5-23:19
10        android:allowBackup="true"
10-->src\main\AndroidManifest.xml:8:9-35
11        android:appComponentFactory="androidx.core.app.CoreComponentFactory"
11-->[androidx.core:core:1.0.1] AndroidManifest.xml:22:18-86
12        android:debuggable="true"
13        android:icon="@drawable/ic_launcher"
13-->src\main\AndroidManifest.xml:9:9-45
14        android:label="@string/app_name"
14-->src\main\AndroidManifest.xml:10:9-41
15        android:testOnly="true"
16        android:theme="@style/AppTheme" >
16-->src\main\AndroidManifest.xml:11:9-40
17        <activity
17-->src\main\AndroidManifest.xml:12:9-22:20
18            android:name="com.example.sapper.SapperMain"
18-->src\main\AndroidManifest.xml:13:13-39
19            android:label="@string/app_name"
19-->src\main\AndroidManifest.xml:14:13-45
20            android:screenOrientation="portrait" >
20-->src\main\AndroidManifest.xml:15:13-49
21            <intent-filter>
21-->src\main\AndroidManifest.xml:17:13-21:29
22                <action android:name="android.intent.action.MAIN" />
22-->src\main\AndroidManifest.xml:18:17-69
22-->src\main\AndroidManifest.xml:18:25-66
23
24                <category android:name="android.intent.category.LAUNCHER" />
24-->src\main\AndroidManifest.xml:20:17-77
24-->src\main\AndroidManifest.xml:20:27-74
25            </intent-filter>
26        </activity>
27    </application>
28
29</manifest>